<?xml version="1.0" encoding="UTF-8"?>
<!-- Generated by org.testng.reporters.JUnitReportReporter -->
<testsuite hostname="localhost" name="batch.JobExecutionTest" tests="1" failures="0"
           timestamp="12 Jun 2015 20:55:15 GMT" time="1.422" errors="0">
    <testcase name="launchJob" time="1.422" classname="batch.JobExecutionTest"/>
</testsuite> <!-- batch.JobExecutionTest -->
